Tabi_Tabi/FirebaseApp.androidlib/build/intermediates/manifest_merge_blame_file/debug/manifest-merger-blame-debug-report.txt
1<?xml version="1.0" encoding="utf-8"?>
2<manifest xmlns:android="http://schemas.android.com/apk/res/android"
3    package="com.google.firebase.app.unity"
4    android:versionCode="1"
5    android:versionName="1.0" >
6
7    <uses-sdk
8        android:minSdkVersion="1"
8-->Tabi_Tabi/FirebaseApp.androidlib/AndroidManifest.xml
9        android:targetSdkVersion="9" />
9-->Tabi_Tabi/FirebaseApp.androidlib/AndroidManifest.xml
10
11    <uses-permission android:name="android.permission.INTERNET" />
11-->Tabi_Tabi/FirebaseApp.androidlib/AndroidManifest.xml:6:5-7:54
11-->Tabi_Tabi/FirebaseApp.androidlib/AndroidManifest.xml:7:9-51
12    <uses-permission android:name="android.permission.INTERNET" />
12-->Tabi_Tabi/FirebaseApp.androidlib/AndroidManifest.xml:6:5-7:54
12-->Tabi_Tabi/FirebaseApp.androidlib/AndroidManifest.xml:7:9-51
13
14</manifest>